         A  B  C  D  E  F  G  H  I  J  K  L  M  N  O   P  Q  R   S   T 
switch: -1 -1 -1 -1 -1 -1 -1 -1 -1 -1 -1 -1 -1 -1 -1 130 -1 -1 219 114 

         U  V  W  X  Y  Z  a  b  c  d  e  f   g  h  i  j  k  l   m  n 
switch: -1 -1 -1 -1 -1 -1 -1  0 12 17 23 34 162 -1 42 -1 -1 -1 126 64 

          o  p  q  r  s   t  u   v   w  x  y  z 
switch: 144 77 -1 84 95 101 -1 105 109 -1 -1 -1 


         0  1  2  3  4  5  6  7  8  9 10 11 12 13 14 15 16 17 18 19 
symbol:  o  o  l  e  a  n  @  r  e  a  k  @  l  a  s  s  @  o  u  b 
next:    7                                                          

        20 21 22 23 24 25 26  27 28 29 30 31 32 33 34 35 36 37 38 39 
symbol:  l  e  @  l  s  e  @   x  t  e  n  d  s  @  a  l  s  e  @  o 
next:            27          136                   39                

        40 41 42 43 44 45 46 47 48 49 50 51 52 53  54 55 56 57 58 59 
symbol:  r  @  f  @  m  p  l  e  m  e  n  t  s  @   n  t  @  e  r  f 
next:         44    54                            239    57          

        60 61 62 63 64 65 66  67 68 69 70 71 72  73 74 75 76  77 78 
symbol:  a  c  e  @  e  w  @   a  r  r  a  y  @   u  l  l  @   r  i 
next:               73    67 245                241          212    

        79 80 81 82 83  84 85 86 87 88 89 90 91 92 93 94  95 96 97 98 
symbol:  n  t  l  n  @   e  a  d  l  n  @  t  u  r  n  @   t  r  i  n 
next:                  230 90                            149          

        99 100 101 102 103 104 105 106 107 108 109 110 111 112 113 114 
symbol:  g   @   r   u   e   @   o   i   d   @   h   i   l   e   @   o 
next:                                                                  

        115 116 117 118 119 120 121 122 123 124 125 126 127 128 129 
symbol:   y   C   o   d   e   C   l   a   s   s   @   a   i   n   @ 
next:                                               177 141         

        130 131 132 133 134 135 136 137 138 139 140 141 142 143 144 
symbol:   l   a   n   e   t   @   a   r   t   h   @   r   s   @   t 
next:                                               236             

        145 146 147 148 149 150 151 152 153 154 155 156 157 158 159 
symbol:   h   e   r   @   e   t   P   r   o   p   e   r   t   i   e 
next:                           172                                 

        160 161 162 163 164 165 166 167 168 169 170 171 172 173 174 
symbol:   s   @   e   t   N   a   m   e   @   I   D   @   N   a   m 
next:                   169                 189                     

        175 176 177 178 179 180 181 182 183 184 185 186 187 188 189 
symbol:   e   @   e   a   s   u   r   e   m   e   n   t   1   @   R 
next:                       203                         196     198 

        190 191 192 193 194 195 196 197 198 199 200 201 202 203 204 
symbol:   a   d   i   u   s   @   2   @   M   a   s   s   @   r   u 
next:                                                               

        205 206 207 208 209 210 211 212 213 214 215 216 217 218 219 
symbol:   e   m   e   n   t   2   @   l   a   n   e   t   s   @   p 
next:                                                               

        220 221 222 223 224 225 226 227 228 229 230 231 232 233 234 
symbol:   a   c   e   O   b   j   e   c   t   @   a   d   i   u   s 
next:                                                               

        235 236 237 238 239 240 241 242 243 244 245 246 247 248 249 
symbol:   @   s   s   @   d   @   a   m   e   @   R   a   d   @   M 
next:                       254                 249             258 

        250 251 252 253 254 255 256 257 258 259 260 261 262 
symbol:   a   s   s   @   N   u   m   @   N   a   m   e   @ 
next:                                                       


class id leftbrace 
void id leftparen rightparen leftbrace 
id id assignop new id leftparen rightparen semicolon 
id id assignop new id leftparen rightparen semicolon 
id id assignop new id leftparen rightparen semicolon 
id period id leftparen doubleconstant comma doubleconstant comma intconstant rightparen semicolon 
id period id leftparen doubleconstant comma doubleconstant comma intconstant rightparen semicolon 
id period id leftparen doubleconstant comma doubleconstant comma intconstant rightparen semicolon 

while leftparen id period id leftparen rightparen equal stringconstant rightparen leftbrace 
println leftparen stringconstant comma id period id leftparen rightparen comma stringconstant rightparen semicolon 
id period id leftparen readln leftparen rightparen rightparen semicolon 
rightbrace 
while leftparen id period id leftparen rightparen equal stringconstant rightparen leftbrace 
println leftparen stringconstant comma id period id leftparen rightparen comma stringconstant rightparen semicolon 
id period id leftparen readln leftparen rightparen rightparen semicolon 
rightbrace 
while leftparen id period id leftparen rightparen equal stringconstant rightparen leftbrace 
println leftparen stringconstant comma id period id leftparen rightparen comma stringconstant rightparen semicolon 
id period id leftparen readln leftparen rightparen rightparen semicolon 
rightbrace 

double id assignop id period id leftparen rightparen semicolon 
double id assignop id period id leftparen rightparen semicolon 
for leftparen int id assignop intconstant semicolon id lessequal intconstant semicolon id assignop id plus intconstant rightparen leftbrace 
if leftparen id period id greaterequal intconstant rightparen break semicolon 
if leftparen id period id leftparen rightparen lessequal doubleconstant rightparen break semicolon 
if leftparen id period id leftparen rightparen less doubleconstant rightparen break semicolon 

if leftparen id notequal id rightparen leftbrace 
id assignop id division id period id leftparen rightparen semicolon 
id assignop id division id period id leftparen rightparen semicolon 
rightbrace 
else leftbrace 
id assignop id division id period id leftparen rightparen semicolon 
id assignop id semicolon 
rightbrace 
rightbrace 


id leftbracket rightbracket id assignop newarray leftparen intconstant comma id rightparen semicolon 
id leftbracket intconstant rightbracket assignop id semicolon 
id leftbracket intconstant rightbracket assignop id semicolon 
id leftbracket intconstant rightbracket assignop id semicolon 
rightbrace 
rightbrace 

class id leftbrace 
double id assignop doubleconstant semicolon 
double id assignop doubleconstant semicolon 
int id assignop intconstant semicolon 
rightbrace 

class id extends id leftbrace 
string id assignop stringconstant semicolon 

void id leftparen double id comma double id comma int id rightparen leftbrace 
id assignop id semicolon 
id assignop id semicolon 
id assignop id semicolon 
rightbrace 

void id leftparen string id rightparen leftbrace 
id assignop id semicolon 
rightbrace 

string id leftparen rightparen leftbrace 
return id semicolon 
rightbrace 

double id leftparen rightparen leftbrace 
return id semicolon 
rightbrace 

double id leftparen rightparen leftbrace 
return id semicolon 
rightbrace 

double id leftparen rightparen leftbrace 
return id semicolon 
rightbrace 
rightbrace 
